<testsuites id="" name="" tests="6" failures="0" skipped="0" errors="0" time="7.822804999999935">
<testsuite name="productPage.test.js" timestamp="2025-07-01T08:48:51.340Z" hostname="" tests="6" failures="0" skipped="0" time="6.244" errors="0">
<testcase name="Product Page Tests › Product title is visible" classname="productPage.test.js" time="1.122">
</testcase>
<testcase name="Product Page Tests › Main product image is visible" classname="productPage.test.js" time="1.134">
</testcase>
<testcase name="Product Page Tests › Description tab is visible on product page" classname="productPage.test.js" time="0.922">
</testcase>
<testcase name="Product Page Tests › Product price is visible on product page" classname="productPage.test.js" time="1.01">
</testcase>
<testcase name="Product Page Tests › Product options are visible on product page" classname="productPage.test.js" time="1.065">
</testcase>
<testcase name="Product Page Tests › Buy button is visible on product page" classname="productPage.test.js" time="0.991">
</testcase>
</testsuite>
</testsuites>